<?xml version="1.0" encoding="UTF-8"?>
<!-- Generated by org.testng.reporters.JUnitReportReporter -->
<testsuite hostname="Suparnas-MacBook-Pro.local" failures="0" tests="1" name="cucumberOptions.TestNGTestRunner" time="11.479" errors="0" timestamp="2024-08-06T17:27:40 EDT" skipped="0">
  <testcase classname="cucumberOptions.TestNGTestRunner" name="runScenario" time="11.479"/>
</testsuite> <!-- cucumberOptions.TestNGTestRunner -->
